  Alfil.cpp
  Caballo.cpp
  Reina.cpp
  Rey.cpp
  Source.cpp
  Torre.cpp
  juego.cpp
  peon.cpp
  tablero.cpp
C:\Users\dgarc\Desktop\RepositorioGithub\Chezzter\Chezzter\pruebatablero2\pruebatablero2\tablero.cpp(67,27): warning C4244: 'argumento': conversión de 'int' a 'GLfloat'; posible pérdida de datos
C:\Users\dgarc\Desktop\RepositorioGithub\Chezzter\Chezzter\pruebatablero2\pruebatablero2\tablero.cpp(67,24): warning C4244: 'argumento': conversión de 'int' a 'GLfloat'; posible pérdida de datos
C:\Users\dgarc\Desktop\RepositorioGithub\Chezzter\Chezzter\pruebatablero2\pruebatablero2\tablero.cpp(68,46): warning C4244: 'argumento': conversión de 'int' a 'GLfloat'; posible pérdida de datos
C:\Users\dgarc\Desktop\RepositorioGithub\Chezzter\Chezzter\pruebatablero2\pruebatablero2\tablero.cpp(68,26): warning C4244: 'argumento': conversión de 'int' a 'GLfloat'; posible pérdida de datos
C:\Users\dgarc\Desktop\RepositorioGithub\Chezzter\Chezzter\pruebatablero2\pruebatablero2\tablero.cpp(69,48): warning C4244: 'argumento': conversión de 'int' a 'GLfloat'; posible pérdida de datos
C:\Users\dgarc\Desktop\RepositorioGithub\Chezzter\Chezzter\pruebatablero2\pruebatablero2\tablero.cpp(69,26): warning C4244: 'argumento': conversión de 'int' a 'GLfloat'; posible pérdida de datos
C:\Users\dgarc\Desktop\RepositorioGithub\Chezzter\Chezzter\pruebatablero2\pruebatablero2\tablero.cpp(70,29): warning C4244: 'argumento': conversión de 'int' a 'GLfloat'; posible pérdida de datos
C:\Users\dgarc\Desktop\RepositorioGithub\Chezzter\Chezzter\pruebatablero2\pruebatablero2\tablero.cpp(70,24): warning C4244: 'argumento': conversión de 'int' a 'GLfloat'; posible pérdida de datos
C:\Users\dgarc\Desktop\RepositorioGithub\Chezzter\Chezzter\pruebatablero2\pruebatablero2\tablero.cpp(82,54): warning C4244: 'argumento': conversión de 'int' a 'GLfloat'; posible pérdida de datos
C:\Users\dgarc\Desktop\RepositorioGithub\Chezzter\Chezzter\pruebatablero2\pruebatablero2\tablero.cpp(88,58): warning C4244: 'argumento': conversión de 'int' a 'GLfloat'; posible pérdida de datos
  Generando código...
  pruebatablero2.vcxproj -> C:\Users\dgarc\Desktop\RepositorioGithub\Chezzter\Chezzter\pruebatablero2\pruebatablero2\x64\Debug\pruebatablero2.exe
