c:\users\mmval\onedrive\documentos\universidad manu\cuarto\info\pruebatablero2\x64\debug\vc143.pdb
c:\users\mmval\onedrive\documentos\universidad manu\cuarto\info\pruebatablero2\x64\debug\vc143.idb
c:\users\mmval\onedrive\documentos\universidad manu\cuarto\info\pruebatablero2\x64\debug\torre.obj
c:\users\mmval\onedrive\documentos\universidad manu\cuarto\info\pruebatablero2\x64\debug\tablero.obj
c:\users\mmval\onedrive\documentos\universidad manu\cuarto\info\pruebatablero2\x64\debug\source.obj
c:\users\mmval\onedrive\documentos\universidad manu\cuarto\info\pruebatablero2\x64\debug\rey.obj
c:\users\mmval\onedrive\documentos\universidad manu\cuarto\info\pruebatablero2\x64\debug\reina.obj
c:\users\mmval\onedrive\documentos\universidad manu\cuarto\info\pruebatablero2\x64\debug\pieza.obj
c:\users\mmval\onedrive\documentos\universidad manu\cuarto\info\pruebatablero2\x64\debug\peon.obj
c:\users\mmval\onedrive\documentos\universidad manu\cuarto\info\pruebatablero2\x64\debug\juego.obj
c:\users\mmval\onedrive\documentos\universidad manu\cuarto\info\pruebatablero2\x64\debug\casilla.obj
c:\users\mmval\onedrive\documentos\universidad manu\cuarto\info\pruebatablero2\x64\debug\caballo.obj
c:\users\mmval\onedrive\documentos\universidad manu\cuarto\info\pruebatablero2\x64\debug\alfil.obj
c:\users\mmval\onedrive\documentos\universidad manu\cuarto\info\pruebatablero2\x64\debug\pruebatablero2.exe
c:\users\mmval\onedrive\documentos\universidad manu\cuarto\info\pruebatablero2\x64\debug\pruebatablero2.ilk
c:\users\mmval\onedrive\documentos\universidad manu\cuarto\info\pruebatablero2\x64\debug\pruebatablero2.pdb
c:\users\mmval\onedrive\documentos\universidad manu\cuarto\info\pruebatablero2\x64\debug\pruebatablero2.tlog\cl.command.1.tlog
c:\users\mmval\onedrive\documentos\universidad manu\cuarto\info\pruebatablero2\x64\debug\pruebatablero2.tlog\cl.read.1.tlog
c:\users\mmval\onedrive\documentos\universidad manu\cuarto\info\pruebatablero2\x64\debug\pruebatablero2.tlog\cl.write.1.tlog
c:\users\mmval\onedrive\documentos\universidad manu\cuarto\info\pruebatablero2\x64\debug\pruebatablero2.tlog\link.command.1.tlog
c:\users\mmval\onedrive\documentos\universidad manu\cuarto\info\pruebatablero2\x64\debug\pruebatablero2.tlog\link.read.1.tlog
c:\users\mmval\onedrive\documentos\universidad manu\cuarto\info\pruebatablero2\x64\debug\pruebatablero2.tlog\link.write.1.tlog
