  Alfil.cpp
  Caballo.cpp
  Casilla.cpp
  juego.cpp
  peon.cpp
  Pieza.cpp
  Reina.cpp
  Rey.cpp
  Source.cpp
  tablero.cpp
D:\Universidad\CURSOS\CUARTO\SEGUNDO CUATRI\INFO\pruebatablero2\pruebatablero2\tablero.cpp(67,27): warning C4244: 'argumento': conversión de 'int' a 'GLfloat'; posible pérdida de datos
D:\Universidad\CURSOS\CUARTO\SEGUNDO CUATRI\INFO\pruebatablero2\pruebatablero2\tablero.cpp(67,24): warning C4244: 'argumento': conversión de 'int' a 'GLfloat'; posible pérdida de datos
D:\Universidad\CURSOS\CUARTO\SEGUNDO CUATRI\INFO\pruebatablero2\pruebatablero2\tablero.cpp(68,46): warning C4244: 'argumento': conversión de 'int' a 'GLfloat'; posible pérdida de datos
D:\Universidad\CURSOS\CUARTO\SEGUNDO CUATRI\INFO\pruebatablero2\pruebatablero2\tablero.cpp(68,26): warning C4244: 'argumento': conversión de 'int' a 'GLfloat'; posible pérdida de datos
D:\Universidad\CURSOS\CUARTO\SEGUNDO CUATRI\INFO\pruebatablero2\pruebatablero2\tablero.cpp(69,48): warning C4244: 'argumento': conversión de 'int' a 'GLfloat'; posible pérdida de datos
D:\Universidad\CURSOS\CUARTO\SEGUNDO CUATRI\INFO\pruebatablero2\pruebatablero2\tablero.cpp(69,26): warning C4244: 'argumento': conversión de 'int' a 'GLfloat'; posible pérdida de datos
D:\Universidad\CURSOS\CUARTO\SEGUNDO CUATRI\INFO\pruebatablero2\pruebatablero2\tablero.cpp(70,29): warning C4244: 'argumento': conversión de 'int' a 'GLfloat'; posible pérdida de datos
D:\Universidad\CURSOS\CUARTO\SEGUNDO CUATRI\INFO\pruebatablero2\pruebatablero2\tablero.cpp(70,24): warning C4244: 'argumento': conversión de 'int' a 'GLfloat'; posible pérdida de datos
D:\Universidad\CURSOS\CUARTO\SEGUNDO CUATRI\INFO\pruebatablero2\pruebatablero2\tablero.cpp(82,54): warning C4244: 'argumento': conversión de 'int' a 'GLfloat'; posible pérdida de datos
D:\Universidad\CURSOS\CUARTO\SEGUNDO CUATRI\INFO\pruebatablero2\pruebatablero2\tablero.cpp(88,58): warning C4244: 'argumento': conversión de 'int' a 'GLfloat'; posible pérdida de datos
  Torre.cpp
  Generando código...
  pruebatablero2.vcxproj -> D:\Universidad\CURSOS\CUARTO\SEGUNDO CUATRI\INFO\pruebatablero2\pruebatablero2\x64\Debug\pruebatablero2.exe
